0 info it worked if it ends with ok
1 verbose cli [ '/usr/local/Cellar/node/7.7.2/bin/node',
1 verbose cli   '/usr/local/bin/npm',
1 verbose cli   'start' ]
2 info using npm@4.1.2
3 info using node@v7.7.2
4 verbose run-script [ 'prestart', 'start', 'poststart' ]
5 info lifecycle BITBOX@0.3.5~prestart: BITBOX@0.3.5
6 silly lifecycle BITBOX@0.3.5~prestart: no script for prestart, continuing
7 info lifecycle BITBOX@0.3.5~start: BITBOX@0.3.5
8 verbose lifecycle BITBOX@0.3.5~start: unsafe-perm in lifecycle true
9 verbose lifecycle BITBOX@0.3.5~start: PATH: /usr/local/lib/node_modules/npm/bin/node-gyp-bin:/Users/ericlima/workspace/explore.bitbox.earth/node_modules/.bin:/Users/ericlima/.rvm/gems/ruby-2.1.1/bin:/Users/ericlima/.rvm/gems/ruby-2.1.1@global/bin:/Users/ericlima/.rvm/rubies/ruby-2.1.1/bin:/usr/bin:/bin:/usr/sbin:/sbin:/usr/local/bin:/usr/local/share/dotnet:/usr/local/git/bin:/Users/ericlima/.rvm/bin
10 verbose lifecycle BITBOX@0.3.5~start: CWD: /Users/ericlima/workspace/explore.bitbox.earth
11 silly lifecycle BITBOX@0.3.5~start: Args: [ '-c', 'webpack && node server.js' ]
12 silly lifecycle BITBOX@0.3.5~start: Returned: code: 2  signal: null
13 info lifecycle BITBOX@0.3.5~start: Failed to exec start script
14 verbose stack Error: BITBOX@0.3.5 start: `webpack && node server.js`
14 verbose stack Exit status 2
14 verbose stack     at EventEmitter.<anonymous> (/usr/local/lib/node_modules/npm/lib/utils/lifecycle.js:279:16)
14 verbose stack     at emitTwo (events.js:106:13)
14 verbose stack     at EventEmitter.emit (events.js:194:7)
14 verbose stack     at ChildProcess.<anonymous> (/usr/local/lib/node_modules/npm/lib/utils/spawn.js:40:14)
14 verbose stack     at emitTwo (events.js:106:13)
14 verbose stack     at ChildProcess.emit (events.js:194:7)
14 verbose stack     at maybeClose (internal/child_process.js:899:16)
14 verbose stack     at Process.ChildProcess._handle.onexit (internal/child_process.js:226:5)
15 verbose pkgid BITBOX@0.3.5
16 verbose cwd /Users/ericlima/workspace/explore.bitbox.earth
17 error Darwin 16.4.0
18 error argv "/usr/local/Cellar/node/7.7.2/bin/node" "/usr/local/bin/npm" "start"
19 error node v7.7.2
20 error npm  v4.1.2
21 error code ELIFECYCLE
22 error BITBOX@0.3.5 start: `webpack && node server.js`
22 error Exit status 2
23 error Failed at the BITBOX@0.3.5 start script 'webpack && node server.js'.
23 error Make sure you have the latest version of node.js and npm installed.
23 error If you do, this is most likely a problem with the BITBOX package,
23 error not with npm itself.
23 error Tell the author that this fails on your system:
23 error     webpack && node server.js
23 error You can get information on how to open an issue for this project with:
23 error     npm bugs BITBOX
23 error Or if that isn't available, you can get their info via:
23 error     npm owner ls BITBOX
23 error There is likely additional logging output above.
24 verbose exit [ 1, true ]
